<?xml version="1.0" encoding="UTF-8"?>
<!-- Generated by org.testng.reporters.JUnitXMLReporter -->
<testsuite hostname="DESKTOP-AD82P60" ignored="0" name="Surefire test" tests="6" failures="0" timestamp="2020-04-30T12:49:38 ART" time="0.046" errors="0">
  <testcase name="IOS" time="0.015" classname="qaclickacadaemy.AppiumTest"/>
  <testcase name="NativeAPAndroid" time="0.0" classname="qaclickacadaemy.AppiumTest"/>
  <testcase name="deleteTwitter" time="0.0" classname="qaclickacadaemy.RESTAPITest"/>
  <testcase name="posJira" time="0.0" classname="qaclickacadaemy.RESTAPITest"/>
  <testcase name="BrowserAutomation" time="0.0" classname="qaclickacadaemy.SeleniumTest"/>
  <testcase name="elementsUI" time="0.0" classname="qaclickacadaemy.SeleniumTest"/>
</testsuite> <!-- Surefire test -->
